<?xml version="1.0" encoding="UTF-8"?>
<testng-results skipped="0" failed="0" ignored="0" total="1" passed="1">
  <reporter-output>
  </reporter-output>
  <suite name="Default suite" duration-ms="6452" started-at="2019-06-02T18:38:26Z" finished-at="2019-06-02T18:38:32Z">
    <groups>
    </groups>
    <test name="Default test" duration-ms="6452" started-at="2019-06-02T18:38:26Z" finished-at="2019-06-02T18:38:32Z">
      <class name="com.class12.Task1">
        <test-method status="PASS" signature="readFile()[pri:0, instance:com.class12.Task1@5034c75a]" name="readFile" duration-ms="6436" started-at="2019-06-02T18:38:26Z" finished-at="2019-06-02T18:38:32Z">
          <reporter-output>
          </reporter-output>
        </test-method> <!-- readFile -->
      </class> <!-- com.class12.Task1 -->
    </test> <!-- Default test -->
  </suite> <!-- Default suite -->
</testng-results>
